0 info it worked if it ends with ok
1 verbose cli [ 'C:\\Program Files\\nodejs\\node.exe',
1 verbose cli   'C:\\Program Files\\nodejs\\node_modules\\npm\\bin\\npm-cli.js',
1 verbose cli   'run',
1 verbose cli   'build' ]
2 info using npm@3.10.10
3 info using node@v6.11.3
4 verbose run-script [ 'prebuild', 'build', 'postbuild' ]
5 info lifecycle mern@0.1.0~prebuild: mern@0.1.0
6 silly lifecycle mern@0.1.0~prebuild: no script for prebuild, continuing
7 info lifecycle mern@0.1.0~build: mern@0.1.0
8 verbose lifecycle mern@0.1.0~build: unsafe-perm in lifecycle true
9 verbose lifecycle mern@0.1.0~build: PATH: C:\Program Files\nodejs\node_modules\npm\bin\node-gyp-bin;C:\Users\Ahmer\Desktop\GW_Coding_Bootcamp\07-17-2017-GW-Arlington-Class-Repository-FSF-FT\10-Week\05-React\01-Activities\11-Stu_ReactRouter\Solved\client\node_modules\.bin;C:\Users\Ahmer\Desktop\GW_Coding_Bootcamp\07-17-2017-GW-Arlington-Class-Repository-FSF-FT\10-Week\05-React\01-Activities\11-Stu_ReactRouter\Solved\node_modules\.bin;C:\Users\Ahmer\AppData\Local\Yarn\config\link\node_modules\.bin;C:\Users\Ahmer\Desktop\GW_Coding_Bootcamp\07-17-2017-GW-Arlington-Class-Repository-FSF-FT\10-Week\05-React\01-Activities\11-Stu_ReactRouter\Solved\node_modules\.bin;C:\Users\Ahmer\AppData\Local\Yarn\config\link\node_modules\.bin;C:\Program Files\lib\node_modules\npm\bin\node-gyp-bin;C:\Program Files\nodejs\node_modules\npm\bin\node-gyp-bin;C:\Users\Ahmer\bin;C:\Program Files\Git\mingw64\bin;C:\Program Files\Git\usr\local\bin;C:\Program Files\Git\usr\bin;C:\Program Files\Git\usr\bin;C:\Program Files\Git\mingw64\bin;C:\Program Files\Git\usr\bin;C:\Users\Ahmer\bin;C:\ProgramData\Oracle\Java\javapath;C:\Program Files (x86)\Intel\iCLS Client;C:\Program Files\Intel\iCLS Client;C:\Windows\system32;C:\Windows;C:\Windows\System32\Wbem;C:\Windows\System32\WindowsPowerShell\v1.0;C:\Program Files (x86)\NVIDIA Corporation\PhysX\Common;C:\Program Files (x86)\Intel\Intel(R) Management Engine Components\DAL;C:\Program Files\Intel\Intel(R) Management Engine Components\DAL;C:\Program Files (x86)\Intel\Intel(R) Management Engine Components\IPT;C:\Program Files\Intel\Intel(R) Management Engine Components\IPT;C:\Program Files\Intel\WiFi\bin;C:\Program Files\Common Files\Intel\WirelessCommon;C:\WINDOWS\system32;C:\WINDOWS;C:\WINDOWS\System32\Wbem;C:\WINDOWS\System32\WindowsPowerShell\v1.0;C:\Program Files\MongoDB\Server\3.4\bin;C:\ProgramData\chocolatey\bin;C:\Program Files\nodejs;C:\Program Files (x86)\Yarn\bin;C:\Program Files\Git\cmd;C:\Users\Ahmer\AppData\Local\Microsoft\WindowsApps;C:\Program Files\Heroku\bin;C:\Users\Ahmer\AppData\Roaming\npm;C:\Users\Ahmer\AppData\Local\Yarn\bin;C:\Program Files\Git\usr\bin\vendor_perl;C:\Program Files\Git\usr\bin\core_perl
10 verbose lifecycle mern@0.1.0~build: CWD: C:\Users\Ahmer\Desktop\GW_Coding_Bootcamp\07-17-2017-GW-Arlington-Class-Repository-FSF-FT\10-Week\05-React\01-Activities\11-Stu_ReactRouter\Solved\client
11 silly lifecycle mern@0.1.0~build: Args: [ '/d /s /c', 'react-scripts build' ]
12 silly lifecycle mern@0.1.0~build: Returned: code: 1  signal: null
13 info lifecycle mern@0.1.0~build: Failed to exec build script
14 verbose stack Error: mern@0.1.0 build: `react-scripts build`
14 verbose stack Exit status 1
14 verbose stack     at EventEmitter.<anonymous> (C:\Program Files\nodejs\node_modules\npm\lib\utils\lifecycle.js:255:16)
14 verbose stack     at emitTwo (events.js:106:13)
14 verbose stack     at EventEmitter.emit (events.js:191:7)
14 verbose stack     at ChildProcess.<anonymous> (C:\Program Files\nodejs\node_modules\npm\lib\utils\spawn.js:40:14)
14 verbose stack     at emitTwo (events.js:106:13)
14 verbose stack     at ChildProcess.emit (events.js:191:7)
14 verbose stack     at maybeClose (internal/child_process.js:920:16)
14 verbose stack     at Process.ChildProcess._handle.onexit (internal/child_process.js:230:5)
15 verbose pkgid mern@0.1.0
16 verbose cwd C:\Users\Ahmer\Desktop\GW_Coding_Bootcamp\07-17-2017-GW-Arlington-Class-Repository-FSF-FT\10-Week\05-React\01-Activities\11-Stu_ReactRouter\Solved\client
17 error Windows_NT 10.0.15063
18 error argv "C:\\Program Files\\nodejs\\node.exe" "C:\\Program Files\\nodejs\\node_modules\\npm\\bin\\npm-cli.js" "run" "build"
19 error node v6.11.3
20 error npm  v3.10.10
21 error code ELIFECYCLE
22 error mern@0.1.0 build: `react-scripts build`
22 error Exit status 1
23 error Failed at the mern@0.1.0 build script 'react-scripts build'.
23 error Make sure you have the latest version of node.js and npm installed.
23 error If you do, this is most likely a problem with the mern package,
23 error not with npm itself.
23 error Tell the author that this fails on your system:
23 error     react-scripts build
23 error You can get information on how to open an issue for this project with:
23 error     npm bugs mern
23 error Or if that isn't available, you can get their info via:
23 error     npm owner ls mern
23 error There is likely additional logging output above.
24 verbose exit [ 1, true ]
